    1  ssh-keygen -t rsa -b 4096 -C "fancy_melody75@hotmail.com"
    2  ls
    3  ls-al
    4  ls -al
    5  ls -al ~
    6  ls -al ~/.ssh
    7  cat ~/.ssh/id_rsa.pub
    8  $ cat ~/.ssh/id_rsa.pub
    9  ssh-rsa AAAAB3NzaC1yc2EAAAADAQABAAACAQDQjcOamFq2G1bd8Y5jEAXi/oBfdyLBXDwNXvDZVpoSy58OZxRAjnpF/XMHbsGudzgl9qR6zxG/kFcTKcnGU4x/W/EeVEU2mUDEwEMI7GoZcdkkWcsczE3N3b4d4aGsH3wahLKmpoY6tAEhGyxWm7CSfOHMZtapmhNWm8wJ0xhngKcZurtcifDaQj+fBiV6QRPQuPmbeLQcIadjqr/dJbgZEDqgiIlGJMOZ+8I7jcAT1pbUs08GGtoIStFIMZugFPueJE1Uk7tO8fgCphMTzouYq7TMwkfFmuGY3uLsSIL0x+plaM7xGpudCwwnLHSbagQ9+ODZ2F0qXGbL/aTl5Fz3DtVmrLuIHuzz0s8ZOKMWpD8gMQI+oSouAm7GnI+uyYk3N0VqGXPMKJcly3xXGg60c/0i+CPnftFir1rcKj414JkTxYJP54lfzrxqd1Ri9kdYs6s3VtXRl0bC5YOegb+8uQ/BvdoH6O/jiHJEhb5ydBGzFUe2CmgMOUfvi01SUk0f5bxqKxHvs0CM5AQDy5gr9oqPwnbXGRiPAZcOzyle1XOFF00vWnSsg7enEY3nbk7DCQa9g5eqX4AviO1VFI2xU5bqERhzL6kpn8lhN201levyZx3g03Pq9jbt1CwuNpYD4r9E7vAqy3p9YazvIp9FsJMYWfkW+pgBqUxXiopWyQ== fancy_melody75@hotmail.com
   10  ssh-rsa AAAAB3NzaC1yc2EAAAADAQABAAACAQDQjcOamFq2G1bd8Y5jEAXi/oBfdyLBXDwNXvDZVpoSy58OZxRAjnpF/XMHbsGudzgl9qR6zxG/kFcTKcnGU4x/W/EeVEU2mUDEwEMI7GoZcdkkWcsczE3N3b4d4aGsH3wahLKmpoY6tAEhGyxWm7CSfOHMZtapmhNWm8wJ0xhngKcZurtcifDaQj+fBiV6QRPQuPmbeLQcIadjqr/dJbgZEDqgiIlGJMOZ+8I7jcAT1pbUs08GGtoIStFIMZugFPueJE1Uk7tO8fgCphMTzouYq7TMwkfFmuGY3uLsSIL0x+plaM7xGpudCwwnLHSbagQ9+ODZ2F0qXGbL/aTl5Fz3DtVmrLuIHuzz0s8ZOKMWpD8gMQI+oSouAm7GnI+uyYk3N0VqGXPMKJcly3xXGg60c/0i+CPnftFir1rcKj414JkTxYJP54lfzrxqd1Ri9kdYs6s3VtXRl0bC5YOegb+8uQ/BvdoH6O/jiHJEhb5ydBGzFUe2CmgMOUfvi01SUk0f5bxqKxHvs0CM5AQDy5gr9oqPwnbXGRiPAZcOzyle1XOFF00vWnSsg7enEY3nbk7DCQa9g5eqX4AviO1VFI2xU5bqERhzL6kpn8lhN201levyZx3g03Pq9jbt1CwuNpYD4r9E7vAqy3p9YazvIp9FsJMYWfkW+pgBqUxXiopWyQ== fancy_melody75@hotmail.com
   11  ssh-rsa AAAAB3NzaC1yc2EAAAADAQABAAACAQDQjcOamFq2G1bd8Y5jEAXi/oBfdyLBXDwNXvDZVpoSy58OZxRAjnpF/XMHbsGudzgl9qR6zxG/kFcTKcnGU4x/W/EeVEU2mUDEwEMI7GoZcdkkWcsczE3N3b4d4aGsH3wahLKmpoY6tAEhGyxWm7CSfOHMZtapmhNWm8wJ0xhngKcZurtcifDaQj+fBiV6QRPQuPmbeLQcIadjqr/dJbgZEDqgiIlGJMOZ+8I7jcAT1pbUs08GGtoIStFIMZugFPueJE1Uk7tO8fgCphMTzouYq7TMwkfFmuGY3uLsSIL0x+plaM7xGpudCwwnLHSbagQ9+ODZ2F0qXGbL/aTl5Fz3DtVmrLuIHuzz0s8ZOKMWpD8gMQI+oSouAm7GnI+uyYk3N0VqGXPMKJcly3xXGg60c/0i+CPnftFir1rcKj414JkTxYJP54lfzrxqd1Ri9kdYs6s3VtXRl0bC5YOegb+8uQ/BvdoH6O/jiHJEhb5ydBGzFUe2CmgMOUfvi01SUk0f5bxqKxHvs0CM5AQDy5gr9oqPwnbXGRiPAZcOzyle1XOFF00vWnSsg7enEY3nbk7DCQa9g5eqX4AviO1VFI2xU5bqERhzL6kpn8lhN201levyZx3g03Pq9jbt1CwuNpYD4r9E7vAqy3p9YazvIp9FsJMYWfkW+pgBqUxXiopWyQ== fancy_melody75@hotmail.com
   12  clear
   13  cd
   14  pwd
   15  ls -al
   16  cd Desktop/
   17  ls -al
   18  mkdir cewp
   19  ls -al
   20  cd cewp/
   21  git clone git@github.com:majidfn/CEWP-559-fall-2017.git
   22  ls -al
   23  cd CEWP-559-fall-2017/
   24  ls -al
   25  l
   26  l
   27  cd..
   28  cd . .
   29  cd ..
   30  cd cewp-559-fall-2017/
   31  docker-compose.exe build
   32  cd
   33  cd Desktop
   34  cd CEWP
   35  cd CEWP-559-fall-2017/
   36  docker ps
   37  git branch
   38  git branch -a
   39  git remote
   40  git remote remove origin
   41  git remote
   42  git remote add origin https://github.com/jingnanz/sample_origin.git
   43  git remote add majid git@github.com:majidfn/CEWP-559-fall-2017.git
   44  git pull majid master
   45  git branch -a
   46  git fetch majid -a
   47  get remote
   48  git remote
   49  git remote show origin
   50  git fetch majid -a
   51  git fetch majid -a
   52  git branch -a
   53  git fetch majid -a
   54  git branch -a
   55  git branh -a
   56  git checkout 20170928
   57  git status
   58  git add source/exercises/database/mysqli_procedural.php
   59  git status
   60  git commit -m "Solution for exercise 1 - MySQLi procedural"
   61  git push origin
   62  git push origin
   63  git remote show origin
   64  git remote remove origin
   65  git remote show origin
   66  git remote add origin git@github.com:jingnanz/sample_origin.git
   67  git push origin
   68  git status
   69  git push origin
   70  git push origin
   71  git push majid
   72  history
   73  pwd
   74  ls -al
   75  mkdir
   76  mkdir history
   77  history > history/20170928.log
